<?xml version="1.0" encoding="UTF-8"?>
<!-- Generated by org.testng.reporters.JUnitXMLReporter -->
<testsuite ignored="0" hostname="LAPTOP-I3T5M93D" failures="0" tests="3" name="testngSuiteFile" time="65.909" errors="0" timestamp="2023-02-01T22:12:20 IST">
  <testcase classname="testPackage.ActitimeTestinvalidLogin" name="actiTimeInvalidLogin" time="46.618"/>
  <testcase classname="testPackage.TestActiTimeLogout" name="logout" time="5.222"/>
  <testcase classname="testPackage.ActitimeTestValidLogin" name="validTest" time="4.275"/>
</testsuite> <!-- testngSuiteFile -->
