<?xml version="1.0" encoding="UTF-8"?>
<testng-results ignored="0" total="3" passed="3" failed="0" skipped="0">
  <reporter-output>
  </reporter-output>
  <suite started-at="2023-02-01T22:11:14 IST" name="Suite" finished-at="2023-02-01T22:12:19 IST" duration-ms="65909">
    <groups>
    </groups>
    <test started-at="2023-02-01T22:11:14 IST" name="testngSuiteFile" finished-at="2023-02-01T22:12:19 IST" duration-ms="65909">
      <class name="testPackage.TestActiTimeLogout">
        <test-method is-config="true" signature="setUp()[pri:0, instance:testPackage.TestActiTimeLogout@3d5c822d]" started-at="2023-02-01T22:12:04 IST" name="setUp" finished-at="2023-02-01T22:12:07 IST" duration-ms="2265" status="PASS">
          <reporter-output>
          </reporter-output>
        </test-method> <!-- setUp -->
        <test-method signature="logout()[pri:0, instance:testPackage.TestActiTimeLogout@3d5c822d]" started-at="2023-02-01T22:12:07 IST" name="logout" finished-at="2023-02-01T22:12:12 IST" duration-ms="5222" status="PASS">
          <reporter-output>
          </reporter-output>
        </test-method> <!-- logout -->
        <test-method is-config="true" signature="tearDown()[pri:0, instance:testPackage.TestActiTimeLogout@3d5c822d]" started-at="2023-02-01T22:12:12 IST" name="tearDown" finished-at="2023-02-01T22:12:12 IST" duration-ms="556" status="PASS">
          <reporter-output>
          </reporter-output>
        </test-method> <!-- tearDown -->
      </class> <!-- testPackage.TestActiTimeLogout -->
      <class name="testPackage.ActitimeTestValidLogin">
        <test-method is-config="true" signature="setUp()[pri:0, instance:testPackage.ActitimeTestValidLogin@6f46426d]" started-at="2023-02-01T22:12:12 IST" name="setUp" finished-at="2023-02-01T22:12:15 IST" duration-ms="2239" status="PASS">
          <reporter-output>
          </reporter-output>
        </test-method> <!-- setUp -->
        <test-method signature="validTest()[pri:0, instance:testPackage.ActitimeTestValidLogin@6f46426d]" started-at="2023-02-01T22:12:15 IST" name="validTest" finished-at="2023-02-01T22:12:19 IST" duration-ms="4275" status="PASS">
          <reporter-output>
          </reporter-output>
        </test-method> <!-- validTest -->
        <test-method is-config="true" signature="tearDown()[pri:0, instance:testPackage.ActitimeTestValidLogin@6f46426d]" started-at="2023-02-01T22:12:19 IST" name="tearDown" finished-at="2023-02-01T22:12:19 IST" duration-ms="646" status="PASS">
          <reporter-output>
          </reporter-output>
        </test-method> <!-- tearDown -->
      </class> <!-- testPackage.ActitimeTestValidLogin -->
      <class name="testPackage.ActitimeTestinvalidLogin">
        <test-method is-config="true" signature="setUp()[pri:0, instance:testPackage.ActitimeTestinvalidLogin@be35cd9]" started-at="2023-02-01T22:11:14 IST" name="setUp" finished-at="2023-02-01T22:11:17 IST" duration-ms="3284" status="PASS">
          <reporter-output>
          </reporter-output>
        </test-method> <!-- setUp -->
        <test-method signature="actiTimeInvalidLogin()[pri:0, instance:testPackage.ActitimeTestinvalidLogin@be35cd9]" started-at="2023-02-01T22:11:17 IST" name="actiTimeInvalidLogin" finished-at="2023-02-01T22:12:04 IST" duration-ms="46618" status="PASS">
          <reporter-output>
          </reporter-output>
        </test-method> <!-- actiTimeInvalidLogin -->
        <test-method is-config="true" signature="tearDown()[pri:0, instance:testPackage.ActitimeTestinvalidLogin@be35cd9]" started-at="2023-02-01T22:12:04 IST" name="tearDown" finished-at="2023-02-01T22:12:04 IST" duration-ms="739" status="PASS">
          <reporter-output>
          </reporter-output>
        </test-method> <!-- tearDown -->
      </class> <!-- testPackage.ActitimeTestinvalidLogin -->
    </test> <!-- testngSuiteFile -->
  </suite> <!-- Suite -->
</testng-results>
